20:24:13.230 [main] INFO  TestCase.TestCase1_UpcomingBikeDetails - clicking on Upcoming Bikes
20:24:35.043 [main] INFO  TestCase.TestCase1_UpcomingBikeDetails - **** Finished TC_002_UpcomingBike ****
20:24:35.562 [main] INFO  TestCase.TestCase1_UpcomingBikeDetails - clicking on  Used Cars and selecting Chennai
20:24:54.536 [main] INFO  TestCase.TestCase1_UpcomingBikeDetails - **** Finished TC_003_UsedCar ****
20:24:55.053 [main] INFO  TestCase.TestCase1_UpcomingBikeDetails - **** Starting TC_004_LoginSignup ****
20:24:55.054 [main] INFO  TestCase.TestCase1_UpcomingBikeDetails - Verifying login/SignUp
20:25:02.330 [main] INFO  TestCase.TestCase1_UpcomingBikeDetails - **** Finished TC_004_LoginSignup ****
20:25:03.051 [main] INFO  TestCase.TestCase1_UpcomingBikeDetails - **** Starting TC_005_LoginPage ****
20:25:03.052 [main] INFO  TestCase.TestCase1_UpcomingBikeDetails - Verifying loginPage
20:25:11.162 [main] INFO  TestCase.TestCase1_UpcomingBikeDetails - **** Finished TC_005_LoginPage ****
09:56:03.821 [main] INFO  TestCase.TestCase1_UpcomingBikeDetails - **** Starting TC_002_UpcomingBike ****
09:56:03.831 [main] INFO  TestCase.TestCase1_UpcomingBikeDetails - clicking on  New Bikes 
09:56:19.605 [main] INFO  TestCase.TestCase1_UpcomingBikeDetails - clicking on Upcoming Bikes
09:56:46.118 [main] INFO  TestCase.TestCase1_UpcomingBikeDetails - **** Finished TC_002_UpcomingBike ****
09:56:46.541 [main] INFO  TestCase.TestCase1_UpcomingBikeDetails - clicking on  Used Cars and selecting Chennai
09:57:04.786 [main] INFO  TestCase.TestCase1_UpcomingBikeDetails - **** Finished TC_003_UsedCar ****
09:57:05.183 [main] INFO  TestCase.TestCase1_UpcomingBikeDetails - **** Starting TC_004_LoginSignup ****
09:57:05.183 [main] INFO  TestCase.TestCase1_UpcomingBikeDetails - Verifying login/SignUp
09:57:10.237 [main] INFO  TestCase.TestCase1_UpcomingBikeDetails - **** Finished TC_004_LoginSignup ****
09:57:10.625 [main] INFO  TestCase.TestCase1_UpcomingBikeDetails - **** Starting TC_005_LoginPage ****
09:57:10.625 [main] INFO  TestCase.TestCase1_UpcomingBikeDetails - Verifying loginPage
09:57:18.720 [main] INFO  TestCase.TestCase1_UpcomingBikeDetails - **** Finished TC_005_LoginPage ****
09:57:45.053 [main] INFO  TestCase.TestCase1_UpcomingBikeDetails - **** Starting TC_002_UpcomingBike ****
09:57:45.053 [main] INFO  TestCase.TestCase1_UpcomingBikeDetails - clicking on  New Bikes 
09:57:52.540 [main] INFO  TestCase.TestCase1_UpcomingBikeDetails - clicking on Upcoming Bikes
09:58:11.748 [main] INFO  TestCase.TestCase1_UpcomingBikeDetails - **** Finished TC_002_UpcomingBike ****
09:58:12.376 [main] INFO  TestCase.TestCase1_UpcomingBikeDetails - clicking on  Used Cars and selecting Chennai
09:58:33.434 [main] INFO  TestCase.TestCase1_UpcomingBikeDetails - **** Finished TC_003_UsedCar ****
09:58:33.816 [main] INFO  TestCase.TestCase1_UpcomingBikeDetails - **** Starting TC_004_LoginSignup ****
09:58:33.817 [main] INFO  TestCase.TestCase1_UpcomingBikeDetails - Verifying login/SignUp
09:58:39.465 [main] INFO  TestCase.TestCase1_UpcomingBikeDetails - **** Finished TC_004_LoginSignup ****
09:58:40.127 [main] INFO  TestCase.TestCase1_UpcomingBikeDetails - **** Starting TC_005_LoginPage ****
09:58:40.128 [main] INFO  TestCase.TestCase1_UpcomingBikeDetails - Verifying loginPage
09:58:48.763 [main] INFO  TestCase.TestCase1_UpcomingBikeDetails - **** Finished TC_005_LoginPage ****
22:41:20.367 [main] INFO  TestCase.TestCase1_UpcomingBikeDetails - **** Starting TC_002_UpcomingBike ****
22:41:20.379 [main] INFO  TestCase.TestCase1_UpcomingBikeDetails - clicking on  New Bikes 
22:41:25.900 [main] INFO  TestCase.TestCase1_UpcomingBikeDetails - clicking on Upcoming Bikes
22:41:42.477 [main] INFO  TestCase.TestCase1_UpcomingBikeDetails - **** Finished TC_002_UpcomingBike ****
22:41:42.741 [main] INFO  TestCase.TestCase1_UpcomingBikeDetails - clicking on  Used Cars and selecting Chennai
22:41:58.941 [main] INFO  TestCase.TestCase1_UpcomingBikeDetails - **** Finished TC_003_UsedCar ****
22:41:59.500 [main] INFO  TestCase.TestCase1_UpcomingBikeDetails - **** Starting TC_004_LoginSignup ****
22:41:59.501 [main] INFO  TestCase.TestCase1_UpcomingBikeDetails - Verifying login/SignUp
22:42:03.161 [main] INFO  TestCase.TestCase1_UpcomingBikeDetails - **** Finished TC_004_LoginSignup ****
22:42:03.612 [main] INFO  TestCase.TestCase1_UpcomingBikeDetails - **** Starting TC_005_LoginPage ****
22:42:03.612 [main] INFO  TestCase.TestCase1_UpcomingBikeDetails - Verifying loginPage
22:42:21.471 [main] INFO  TestCase.TestCase1_UpcomingBikeDetails - LoginPage verification failed!!!
22:42:31.899 [main] INFO  TestCase.TestCase1_UpcomingBikeDetails - **** Starting TC_002_UpcomingBike ****
22:42:31.900 [main] INFO  TestCase.TestCase1_UpcomingBikeDetails - clicking on  New Bikes 
22:42:37.155 [main] INFO  TestCase.TestCase1_UpcomingBikeDetails - clicking on Upcoming Bikes
22:42:48.619 [main] INFO  TestCase.TestCase1_UpcomingBikeDetails - **** Finished TC_002_UpcomingBike ****
